  [4;36;1mSQL (0.2ms)[0m   [0;1m SELECT name
 FROM sqlite_master
 WHERE type = 'table' AND NOT name = 'sqlite_sequence'
[0m
  [4;35;1mSQL (0.1ms)[0m   [0mselect sqlite_version(*)[0m
  [4;36;1mSQL (1.7ms)[0m   [0;1mCREATE TABLE "schema_migrations" ("version" varchar(255) NOT NULL) [0m
  [4;35;1mSQL (25.6ms)[0m   [0mCREATE UNIQUE INDEX "unique_schema_migrations" ON "schema_migrations" ("version")[0m
  [4;36;1mSQL (0.2ms)[0m   [0;1m SELECT name
 FROM sqlite_master
 WHERE type = 'table' AND NOT name = 'sqlite_sequence'
[0m
  [4;35;1mSQL (0.1ms)[0m   [0mSELECT version FROM schema_migrations[0m
Migrating to CreateProducts (20100511172456)
  [4;36;1mSQL (0.5ms)[0m   [0;1mCREATE TABLE "products" ("id" INTEGER PRIMARY KEY AUTOINCREMENT NOT NULL, "title" varchar(255), "description" text, "image_url" varchar(255), "created_at" datetime, "updated_at" datetime) [0m
  [4;35;1mSQL (0.2ms)[0m   [0mINSERT INTO schema_migrations (version) VALUES ('20100511172456')[0m
  [4;36;1mSQL (0.4ms)[0m   [0;1m SELECT name
 FROM sqlite_master
 WHERE type = 'table' AND NOT name = 'sqlite_sequence'
[0m
  [4;35;1mSQL (0.1ms)[0m   [0mSELECT version FROM schema_migrations[0m
  [4;36;1mSQL (0.1ms)[0m   [0;1m SELECT name
 FROM sqlite_master
 WHERE type = 'table' AND NOT name = 'sqlite_sequence'
[0m
  [4;35;1mSQL (0.0ms)[0m   [0mPRAGMA index_list("products")[0m


Processing ApplicationController#index (for 127.0.0.1 at 2010-05-11 13:26:43) [GET]

ActionController::RoutingError (No route matches "/product" with {:method=>:get}):
  

Rendering rescues/layout (not_found)


Processing ProductsController#index (for 127.0.0.1 at 2010-05-11 13:26:46) [GET]
  [4;36;1mProduct Load (0.4ms)[0m   [0;1mSELECT * FROM "products" [0m
Rendering template within layouts/products
Rendering products/index
Completed in 51ms (View: 46, DB: 0) | 200 OK [http://localhost/products]


Processing ProductsController#new (for 127.0.0.1 at 2010-05-11 13:47:24) [GET]
Rendering template within layouts/products
Rendering products/new
Completed in 74ms (View: 10, DB: 0) | 200 OK [http://localhost/products/new]


Processing ProductsController#create (for 127.0.0.1 at 2010-05-11 13:48:18) [POST]
  Parameters: {"commit"=>"Create", "authenticity_token"=>"N39t/WOhLOUsnbN6jdhFLm83EhQf+/f3BQ7jsrlPbmc=", "product"=>{"image_url"=>"/images/svn.jpg", "title"=>"Pragmatic Version Control", "description"=>"<p>\r\nThis is a very good book.\r\n</p>"}}
  [4;35;1mProduct Create (0.5ms)[0m   [0mINSERT INTO "products" ("created_at", "title", "image_url", "updated_at", "description") VALUES('2010-05-11 17:48:18', 'Pragmatic Version Control', '/images/svn.jpg', '2010-05-11 17:48:18', '<p>
This is a very good book.
</p>')[0m
Redirected to http://localhost:3000/products/1
Completed in 11ms (DB: 0) | 302 Found [http://localhost/products]


Processing ProductsController#show (for 127.0.0.1 at 2010-05-11 13:48:18) [GET]
  Parameters: {"id"=>"1"}
  [4;36;1mProduct Load (0.2ms)[0m   [0;1mSELECT * FROM "products" WHERE ("products"."id" = 1) [0m
Rendering template within layouts/products
Rendering products/show
Completed in 12ms (View: 7, DB: 0) | 200 OK [http://localhost/products/1]


Processing ProductsController#index (for 127.0.0.1 at 2010-05-11 13:49:06) [GET]
  [4;35;1mProduct Load (0.4ms)[0m   [0mSELECT * FROM "products" [0m
Rendering template within layouts/products
Rendering products/index
Completed in 11ms (View: 6, DB: 0) | 200 OK [http://localhost/products]
  [4;36;1mSQL (0.4ms)[0m   [0;1m SELECT name
 FROM sqlite_master
 WHERE type = 'table' AND NOT name = 'sqlite_sequence'
[0m
  [4;35;1mSQL (0.1ms)[0m   [0mSELECT version FROM schema_migrations[0m
Migrating to CreateProducts (20100511172456)
Migrating to AddPriceToProduct (20100511175007)
  [4;36;1mSQL (0.1ms)[0m   [0;1mselect sqlite_version(*)[0m
  [4;35;1mSQL (0.5ms)[0m   [0mALTER TABLE "products" ADD "price" decimal[0m
  [4;36;1mSQL (0.2ms)[0m   [0;1mINSERT INTO schema_migrations (version) VALUES ('20100511175007')[0m
  [4;35;1mSQL (0.6ms)[0m   [0m SELECT name
 FROM sqlite_master
 WHERE type = 'table' AND NOT name = 'sqlite_sequence'
[0m
  [4;36;1mSQL (0.2ms)[0m   [0;1mSELECT version FROM schema_migrations[0m
  [4;35;1mSQL (0.2ms)[0m   [0m SELECT name
 FROM sqlite_master
 WHERE type = 'table' AND NOT name = 'sqlite_sequence'
[0m
  [4;36;1mSQL (0.0ms)[0m   [0;1mPRAGMA index_list("products")[0m
  [4;36;1mSQL (0.4ms)[0m   [0;1m SELECT name
 FROM sqlite_master
 WHERE type = 'table' AND NOT name = 'sqlite_sequence'
[0m
  [4;35;1mSQL (0.2ms)[0m   [0mSELECT version FROM schema_migrations[0m
Migrating to CreateProducts (20100511172456)
Migrating to AddPriceToProduct (20100511175007)
  [4;36;1mSQL (0.2ms)[0m   [0;1mselect sqlite_version(*)[0m
  [4;35;1mSQL (0.2ms)[0m   [0m SELECT name
 FROM sqlite_master
 WHERE type = 'table' AND NOT name = 'sqlite_sequence'
[0m
  [4;36;1mSQL (0.1ms)[0m   [0;1mSELECT version FROM schema_migrations[0m
  [4;35;1mSQL (0.1ms)[0m   [0m SELECT name
 FROM sqlite_master
 WHERE type = 'table' AND NOT name = 'sqlite_sequence'
[0m
  [4;36;1mSQL (0.1ms)[0m   [0;1mPRAGMA index_list("products")[0m
  [4;36;1mSQL (0.4ms)[0m   [0;1m SELECT name
 FROM sqlite_master
 WHERE type = 'table' AND NOT name = 'sqlite_sequence'
[0m
  [4;35;1mSQL (0.1ms)[0m   [0mSELECT version FROM schema_migrations[0m
Migrating to CreateProducts (20100511172456)
Migrating to AddPriceToProduct (20100511175007)
  [4;36;1mSQL (0.2ms)[0m   [0;1mselect sqlite_version(*)[0m
  [4;35;1mSQL (0.3ms)[0m   [0m SELECT name
 FROM sqlite_master
 WHERE type = 'table' AND NOT name = 'sqlite_sequence'
[0m
  [4;36;1mSQL (0.1ms)[0m   [0;1mSELECT version FROM schema_migrations[0m
  [4;35;1mSQL (0.2ms)[0m   [0m SELECT name
 FROM sqlite_master
 WHERE type = 'table' AND NOT name = 'sqlite_sequence'
[0m
  [4;36;1mSQL (0.0ms)[0m   [0;1mPRAGMA index_list("products")[0m


Processing ProductsController#index (for 127.0.0.1 at 2010-05-11 14:09:34) [GET]
  [4;36;1mProduct Load (0.5ms)[0m   [0;1mSELECT * FROM "products" [0m
Rendering template within layouts/products
Rendering products/index
Completed in 17ms (View: 11, DB: 0) | 200 OK [http://localhost/products]


Processing ProductsController#index (for 127.0.0.1 at 2010-05-11 15:26:46) [GET]
  [4;35;1mProduct Load (0.4ms)[0m   [0mSELECT * FROM "products" [0m
Rendering template within layouts/products
Rendering products/index
Completed in 12ms (View: 6, DB: 0) | 200 OK [http://localhost/products]


Processing ProductsController#index (for 127.0.0.1 at 2010-05-11 15:29:01) [GET]
  [4;36;1mProduct Load (0.4ms)[0m   [0;1mSELECT * FROM "products" [0m
Rendering template within layouts/products
Rendering products/index
Completed in 11ms (View: 6, DB: 0) | 200 OK [http://localhost/products]


Processing ProductsController#index (for 127.0.0.1 at 2010-05-11 15:29:03) [GET]
  [4;35;1mProduct Load (0.5ms)[0m   [0mSELECT * FROM "products" [0m
Rendering template within layouts/products
Rendering products/index
Completed in 11ms (View: 7, DB: 0) | 200 OK [http://localhost/products]


Processing ProductsController#new (for 127.0.0.1 at 2010-05-11 15:29:07) [GET]
Rendering template within layouts/products
Rendering products/new
Completed in 16ms (View: 10, DB: 0) | 200 OK [http://localhost/products/new]


Processing ProductsController#create (for 127.0.0.1 at 2010-05-11 15:29:10) [POST]
  Parameters: {"commit"=>"Create", "authenticity_token"=>"N39t/WOhLOUsnbN6jdhFLm83EhQf+/f3BQ7jsrlPbmc=", "product"=>{"price"=>"", "image_url"=>"", "title"=>"", "description"=>""}}
Rendering template within layouts/products
Rendering products/new
Completed in 26ms (View: 18, DB: 0) | 200 OK [http://localhost/products]
  [4;36;1mSQL (0.5ms)[0m   [0;1m SELECT name
 FROM sqlite_master
 WHERE type = 'table' AND NOT name = 'sqlite_sequence'
[0m
  [4;35;1mSQL (0.2ms)[0m   [0mSELECT version FROM schema_migrations[0m
Migrating to CreateProducts (20100511172456)
Migrating to AddPriceToProduct (20100511175007)
Migrating to AddTestData (20100511213207)
  [4;36;1mSQL (0.1ms)[0m   [0;1mselect sqlite_version(*)[0m
  [4;35;1mProduct Delete all (1.2ms)[0m   [0mDELETE FROM "products" WHERE 1=1[0m
  [4;36;1mProduct Create (0.2ms)[0m   [0;1mINSERT INTO "products" ("price", "created_at", "title", "image_url", "updated_at", "description") VALUES(29.95, '2010-05-11 21:40:35', 'Pragmatic Project Automation', '/images/auto.jpg', '2010-05-11 21:40:35', '<p>
 <em>Pragmatic Project Automation</em> shows you how to improve the 
 consistency and repeatability of your project''s procedures using 
 automation to reduce risk and errors.
 </p>
 <p>
 Simply put, we''re going to put this thing called a computer to work 
 for you doing the mundane (but important) project stuff. That means 
 you''ll have more time and energy to do the really 
 exciting---and difficult---stuff, like writing quality code.
 </p>')[0m
  [4;35;1mProduct Create (0.1ms)[0m   [0mINSERT INTO "products" ("price", "created_at", "title", "image_url", "updated_at", "description") VALUES(28.5, '2010-05-11 21:40:35', 'Pragmatic Version Control', '/images/svn.jpg', '2010-05-11 21:40:35', '<p>
 This book is a recipe-based approach to using Subversion that will 
 get you up and running quickly---and correctly. All projects need
 version control: it''s a foundational piece of any project''s 
 infrastructure. Yet half of all project teams in the U.S. don''t use
 any version control at all. Many others don''t use it well, and end 
 up experiencing time-consuming problems.
 </p>')[0m
  [4;36;1mProduct Create (0.1ms)[0m   [0;1mINSERT INTO "products" ("price", "created_at", "title", "image_url", "updated_at", "description") VALUES(27.75, '2010-05-11 21:40:35', 'Pragmatic Unit Testing (C#)', '/images/utc.jpg', '2010-05-11 21:40:35', '<p>
 Pragmatic programmers use feedback to drive their development and 
 personal processes. The most valuable feedback you can get while 
 coding comes from unit testing.
 </p>
 <p>
 Without good tests in place, coding can become a frustrating game of 
 "whack-a-mole." That''s the carnival game where the player strikes at a 
 mechanical mole; it retreats and another mole pops up on the opposite side 
 of the field. The moles pop up and down so fast that you end up flailing 
 your mallet helplessly as the moles continue to pop up where you least 
 expect them.
 </p>')[0m
  [4;35;1mSQL (0.2ms)[0m   [0mINSERT INTO schema_migrations (version) VALUES ('20100511213207')[0m
  [4;36;1mSQL (1.1ms)[0m   [0;1m SELECT name
 FROM sqlite_master
 WHERE type = 'table' AND NOT name = 'sqlite_sequence'
[0m
  [4;35;1mSQL (0.2ms)[0m   [0mSELECT version FROM schema_migrations[0m
  [4;36;1mSQL (0.2ms)[0m   [0;1m SELECT name
 FROM sqlite_master
 WHERE type = 'table' AND NOT name = 'sqlite_sequence'
[0m
  [4;35;1mSQL (1.0ms)[0m   [0mPRAGMA index_list("products")[0m


Processing ProductsController#index (for 127.0.0.1 at 2010-05-11 17:40:50) [GET]
  [4;36;1mProduct Load (0.6ms)[0m   [0;1mSELECT * FROM "products" [0m
Rendering template within layouts/products
Rendering products/index
Completed in 21ms (View: 12, DB: 1) | 200 OK [http://localhost/products]


Processing ProductsController#index (for 127.0.0.1 at 2010-05-11 17:40:53) [GET]
  [4;35;1mProduct Load (0.6ms)[0m   [0mSELECT * FROM "products" [0m
Rendering template within layouts/products
Rendering products/index
Completed in 18ms (View: 13, DB: 1) | 200 OK [http://localhost/products]


Processing ProductsController#index (for 127.0.0.1 at 2010-05-11 17:41:30) [GET]
  [4;36;1mProduct Load (0.6ms)[0m   [0;1mSELECT * FROM "products" [0m
Rendering template within layouts/products
Rendering products/index
Completed in 21ms (View: 16, DB: 1) | 200 OK [http://localhost/products]


Processing ProductsController#index (for 127.0.0.1 at 2010-05-11 17:42:53) [GET]
  [4;35;1mProduct Load (0.6ms)[0m   [0mSELECT * FROM "products" [0m
Rendering template within layouts/products
Rendering products/index
Completed in 88ms (View: 83, DB: 1) | 200 OK [http://localhost/products]


Processing ProductsController#index (for 127.0.0.1 at 2010-05-11 17:59:40) [GET]
  [4;36;1mProduct Load (0.8ms)[0m   [0;1mSELECT * FROM "products" [0m
Rendering template within layouts/products
Rendering products/index
Completed in 35ms (View: 29, DB: 1) | 200 OK [http://localhost/products]


Processing ProductsController#index (for 127.0.0.1 at 2010-05-11 17:59:58) [GET]
  [4;35;1mProduct Load (0.6ms)[0m   [0mSELECT * FROM "products" [0m
Rendering template within layouts/products
Rendering products/index
Completed in 25ms (View: 19, DB: 1) | 200 OK [http://localhost/products]


Processing ProductsController#index (for 127.0.0.1 at 2010-05-11 18:00:30) [GET]
  [4;36;1mProduct Load (0.6ms)[0m   [0;1mSELECT * FROM "products" [0m
Rendering template within layouts/products
Rendering products/index
Completed in 24ms (View: 19, DB: 1) | 200 OK [http://localhost/products]


Processing ProductsController#index (for 127.0.0.1 at 2010-05-11 18:00:32) [GET]
  [4;35;1mProduct Load (0.6ms)[0m   [0mSELECT * FROM "products" [0m
Rendering template within layouts/products
Rendering products/index
Completed in 21ms (View: 16, DB: 1) | 200 OK [http://localhost/products]


Processing ApplicationController#index (for 127.0.0.1 at 2010-05-25 13:31:23) [GET]

ActionController::RoutingError (No route matches "/applications/3/features/14" with {:method=>:get}):
  

Rendering rescues/layout (not_found)


Processing ApplicationController#index (for 127.0.0.1 at 2010-05-25 13:31:34) [GET]

ActionController::RoutingError (No route matches "/product" with {:method=>:get}):
  

Rendering rescues/layout (not_found)


Processing ProductsController#index (for 127.0.0.1 at 2010-05-25 13:31:38) [GET]
  [4;36;1mProduct Load (1.1ms)[0m   [0;1mSELECT * FROM "products" [0m
Rendering template within layouts/products
Rendering products/index
Completed in 184ms (View: 164, DB: 1) | 200 OK [http://localhost/products]


Processing ProductsController#new (for 127.0.0.1 at 2010-05-25 13:31:44) [GET]
Rendering template within layouts/products
Rendering products/new
Completed in 30ms (View: 25, DB: 0) | 200 OK [http://localhost/products/new]


Processing ProductsController#create (for 127.0.0.1 at 2010-05-25 13:34:40) [POST]
  Parameters: {"commit"=>"Create", "authenticity_token"=>"7XbaGrHf7RvRZvp5FZrLUpqZZ6xhGo2E1jZkAxZO+Hw=", "product"=>{"price"=>"", "image_url"=>"", "title"=>"", "description"=>""}}
Rendering template within layouts/products
Rendering products/new
Completed in 25ms (View: 18, DB: 0) | 200 OK [http://localhost/products]


Processing ProductsController#index (for 127.0.0.1 at 2010-06-06 20:45:43) [GET]
  [4;36;1mProduct Load (0.9ms)[0m   [0;1mSELECT * FROM "products" [0m
Rendering template within layouts/products
Rendering products/index
Completed in 159ms (View: 142, DB: 1) | 200 OK [http://localhost/products]


Processing ApplicationController#index (for 127.0.0.1 at 2010-06-06 20:50:01) [GET]

ActionController::RoutingError (No route matches "/store" with {:method=>:get}):
  

Rendering rescues/layout (not_found)


Processing ApplicationController#index (for 127.0.0.1 at 2010-06-06 20:57:38) [GET]

ActionController::RoutingError (No route matches "/store" with {:method=>:get}):
  

Rendering rescues/layout (not_found)


Processing ApplicationController#index (for 127.0.0.1 at 2010-06-06 20:57:39) [GET]

ActionController::RoutingError (No route matches "/store" with {:method=>:get}):
  

Rendering rescues/layout (not_found)


Processing ApplicationController#index (for 127.0.0.1 at 2010-06-06 20:57:39) [GET]

ActionController::RoutingError (No route matches "/store" with {:method=>:get}):
  

Rendering rescues/layout (not_found)


Processing ApplicationController#index (for 127.0.0.1 at 2010-06-06 20:57:40) [GET]

ActionController::RoutingError (No route matches "/store" with {:method=>:get}):
  

Rendering rescues/layout (not_found)


Processing ApplicationController#index (for 127.0.0.1 at 2010-06-06 21:02:42) [GET]

ActionController::RoutingError (No route matches "/store" with {:method=>:get}):
  

Rendering rescues/layout (not_found)


Processing ApplicationController#index (for 127.0.0.1 at 2010-06-06 21:02:43) [GET]

ActionController::RoutingError (No route matches "/store" with {:method=>:get}):
  

Rendering rescues/layout (not_found)


Processing StoreController#index (for 127.0.0.1 at 2010-06-06 21:03:35) [GET]
  [4;36;1mProduct Load (0.7ms)[0m   [0;1mSELECT * FROM "products" ORDER BY title[0m
Rendering store/index
Completed in 23ms (View: 18, DB: 1) | 200 OK [http://localhost/store]


Processing StoreController#index (for 127.0.0.1 at 2010-06-06 21:23:16) [GET]
  [4;35;1mProduct Load (0.7ms)[0m   [0mSELECT * FROM "products" ORDER BY title[0m
Rendering template within layouts/store
Rendering store/index
Completed in 14ms (View: 10, DB: 1) | 200 OK [http://localhost/store]


Processing StoreController#index (for 127.0.0.1 at 2010-06-06 21:26:41) [GET]
  [4;36;1mProduct Load (0.7ms)[0m   [0;1mSELECT * FROM "products" ORDER BY title[0m
Rendering template within layouts/store
Rendering store/index
Completed in 8ms (View: 4, DB: 1) | 200 OK [http://localhost/store]


Processing StoreController#index (for 127.0.0.1 at 2010-06-06 21:28:36) [GET]
  [4;35;1mProduct Load (0.7ms)[0m   [0mSELECT * FROM "products" ORDER BY title[0m
Rendering template within layouts/store
Rendering store/index
Completed in 15ms (View: 10, DB: 1) | 200 OK [http://localhost/store]


Processing StoreController#index (for 127.0.0.1 at 2010-06-06 21:30:41) [GET]
  [4;36;1mProduct Load (0.6ms)[0m   [0;1mSELECT * FROM "products" ORDER BY title[0m
Rendering template within layouts/store
Rendering store/index
Completed in 74ms (View: 70, DB: 1) | 200 OK [http://localhost/store]


Processing StoreController#index (for 127.0.0.1 at 2010-06-06 21:31:30) [GET]
  [4;35;1mProduct Load (0.7ms)[0m   [0mSELECT * FROM "products" ORDER BY title[0m
Rendering template within layouts/store
Rendering store/index
Completed in 13ms (View: 8, DB: 1) | 200 OK [http://localhost/store]


Processing StoreController#index (for 127.0.0.1 at 2010-06-06 21:31:42) [GET]
  [4;36;1mProduct Load (0.7ms)[0m   [0;1mSELECT * FROM "products" ORDER BY title[0m
Rendering template within layouts/store
Rendering store/index
Completed in 13ms (View: 8, DB: 1) | 200 OK [http://localhost/store]


Processing StoreController#index (for 127.0.0.1 at 2010-06-06 21:31:51) [GET]
  [4;35;1mProduct Load (0.7ms)[0m   [0mSELECT * FROM "products" ORDER BY title[0m
Rendering template within layouts/store
Rendering store/index
Completed in 18ms (View: 10, DB: 1) | 200 OK [http://localhost/store]


Processing StoreController#index (for 127.0.0.1 at 2010-06-06 21:33:25) [GET]
  [4;36;1mProduct Load (0.7ms)[0m   [0;1mSELECT * FROM "products" ORDER BY title[0m
Rendering template within layouts/store
Rendering store/index
Completed in 13ms (View: 8, DB: 1) | 200 OK [http://localhost/store]


Processing StoreController#index (for 127.0.0.1 at 2010-06-06 21:33:48) [GET]
  [4;35;1mProduct Load (0.7ms)[0m   [0mSELECT * FROM "products" ORDER BY title[0m
Rendering template within layouts/store
Rendering store/index
Completed in 17ms (View: 12, DB: 1) | 200 OK [http://localhost/store]


Processing ApplicationController#index (for 127.0.0.1 at 2010-07-03 11:34:24) [GET]

ActionController::RoutingError (No route matches "/applications" with {:method=>:get}):
  

Rendering rescues/layout (not_found)


Processing StoreController#index (for 127.0.0.1 at 2010-07-03 11:38:21) [GET]
  [4;36;1mProduct Load (8.5ms)[0m   [0;1mSELECT * FROM "products" ORDER BY title[0m
Rendering template within layouts/store
Rendering store/index
Completed in 214ms (View: 191, DB: 8) | 200 OK [http://localhost/store]


Processing StoreController#add_to_cart (for 127.0.0.1 at 2010-07-03 11:39:19) [GET]

ActionController::UnknownAction (No action responded to add_to_cart. Actions: index):
  

Rendering rescues/layout (not_found)


Processing StoreController#index (for 127.0.0.1 at 2010-07-03 11:39:25) [GET]
  [4;35;1mProduct Load (0.7ms)[0m   [0mSELECT * FROM "products" ORDER BY title[0m
Rendering template within layouts/store
Rendering store/index
Completed in 15ms (View: 9, DB: 1) | 200 OK [http://localhost/store/]


Processing ApplicationController#index (for 127.0.0.1 at 2010-07-03 14:22:06) [GET]

ActionController::RoutingError (No route matches "/applications" with {:method=>:get}):
  

Rendering rescues/layout (not_found)


Processing StoreController#add_to_cart (for 127.0.0.1 at 2010-07-03 14:22:18) [GET]
Rendering template within layouts/store
Rendering store/add_to_cart

ActionView::TemplateError (undefined method `items' for nil:NilClass) on line #3 of app/views/store/add_to_cart.html.erb:
1: <h2>Your Pragmatic Cart</h2>
2: <ul>
3:   <% for item in @cart.items%>
4:   <li><%=h item.title %></li>
5:   <% end %>
6:   </ul>

    app/views/store/add_to_cart.html.erb:3

Rendered rescues/_trace (39.8ms)
Rendered rescues/_request_and_response (1.2ms)
Rendering rescues/layout (internal_server_error)


Processing StoreController#add_to_cart (for 127.0.0.1 at 2010-07-03 14:22:43) [GET]
Rendering template within layouts/store
Rendering store/add_to_cart

ActionView::TemplateError (undefined method `items' for nil:NilClass) on line #3 of app/views/store/add_to_cart.html.erb:
1: <h2>Your Pragmatic Cart</h2>
2: <ul>
3:   <% for item in @cart.items %>
4:   <li><%=h item.title %></li>
5:   <% end %>
6:   </ul>

    app/views/store/add_to_cart.html.erb:3

Rendered rescues/_trace (108.4ms)
Rendered rescues/_request_and_response (0.3ms)
Rendering rescues/layout (internal_server_error)
  [4;36;1mSQL (0.4ms)[0m   [0;1m SELECT name
 FROM sqlite_master
 WHERE type = 'table' AND NOT name = 'sqlite_sequence'
[0m
  [4;35;1mSQL (0.2ms)[0m   [0mSELECT version FROM schema_migrations[0m
Migrating to CreateProducts (20100511172456)
Migrating to AddPriceToProduct (20100511175007)
Migrating to AddTestData (20100511213207)
Migrating to CreateSessions (20100703173509)
  [4;36;1mSQL (0.1ms)[0m   [0;1mselect sqlite_version(*)[0m
  [4;35;1mSQL (0.5ms)[0m   [0mCREATE TABLE "sessions" ("id" INTEGER PRIMARY KEY AUTOINCREMENT NOT NULL, "session_id" varchar(255) NOT NULL, "data" text, "created_at" datetime, "updated_at" datetime) [0m
  [4;36;1mSQL (0.1ms)[0m   [0;1mCREATE INDEX "index_sessions_on_session_id" ON "sessions" ("session_id")[0m
  [4;35;1mSQL (0.1ms)[0m   [0mCREATE INDEX "index_sessions_on_updated_at" ON "sessions" ("updated_at")[0m
  [4;36;1mSQL (0.1ms)[0m   [0;1mINSERT INTO schema_migrations (version) VALUES ('20100703173509')[0m
  [4;35;1mSQL (0.3ms)[0m   [0m SELECT name
 FROM sqlite_master
 WHERE type = 'table' AND NOT name = 'sqlite_sequence'
[0m
  [4;36;1mSQL (0.2ms)[0m   [0;1mSELECT version FROM schema_migrations[0m
  [4;35;1mSQL (0.2ms)[0m   [0m SELECT name
 FROM sqlite_master
 WHERE type = 'table' AND NOT name = 'sqlite_sequence'
[0m
  [4;36;1mSQL (0.0ms)[0m   [0;1mPRAGMA index_list("products")[0m
  [4;35;1mSQL (0.1ms)[0m   [0mPRAGMA index_list("sessions")[0m
  [4;36;1mSQL (0.1ms)[0m   [0;1mPRAGMA index_info('index_sessions_on_updated_at')[0m
  [4;35;1mSQL (0.1ms)[0m   [0mPRAGMA index_info('index_sessions_on_session_id')[0m


Processing StoreController#add_to_cart (for 127.0.0.1 at 2010-07-03 14:23:12) [GET]
Rendering template within layouts/store
Rendering store/add_to_cart

ActionView::TemplateError (undefined method `items' for nil:NilClass) on line #3 of app/views/store/add_to_cart.html.erb:
1: <h2>Your Pragmatic Cart</h2>
2: <ul>
3:   <% for item in @cart.items %>
4:   <li><%=h item.title %></li>
5:   <% end %>
6:   </ul>

    app/views/store/add_to_cart.html.erb:3

Rendered rescues/_trace (40.7ms)
Rendered rescues/_request_and_response (1.2ms)
Rendering rescues/layout (internal_server_error)


Processing StoreController#add_to_cart (for 127.0.0.1 at 2010-07-03 14:23:13) [GET]
Rendering template within layouts/store
Rendering store/add_to_cart

ActionView::TemplateError (undefined method `items' for nil:NilClass) on line #3 of app/views/store/add_to_cart.html.erb:
1: <h2>Your Pragmatic Cart</h2>
2: <ul>
3:   <% for item in @cart.items %>
4:   <li><%=h item.title %></li>
5:   <% end %>
6:   </ul>

    app/views/store/add_to_cart.html.erb:3

Rendered rescues/_trace (39.6ms)
Rendered rescues/_request_and_response (0.3ms)
Rendering rescues/layout (internal_server_error)


Processing StoreController#add_to_cart (for 127.0.0.1 at 2010-07-03 14:23:13) [GET]
Rendering template within layouts/store
Rendering store/add_to_cart

ActionView::TemplateError (undefined method `items' for nil:NilClass) on line #3 of app/views/store/add_to_cart.html.erb:
1: <h2>Your Pragmatic Cart</h2>
2: <ul>
3:   <% for item in @cart.items %>
4:   <li><%=h item.title %></li>
5:   <% end %>
6:   </ul>

    app/views/store/add_to_cart.html.erb:3

Rendered rescues/_trace (40.0ms)
Rendered rescues/_request_and_response (0.3ms)
Rendering rescues/layout (internal_server_error)


Processing StoreController#add_to_cart (for 127.0.0.1 at 2010-07-03 14:23:14) [GET]
Rendering template within layouts/store
Rendering store/add_to_cart

ActionView::TemplateError (undefined method `items' for nil:NilClass) on line #3 of app/views/store/add_to_cart.html.erb:
1: <h2>Your Pragmatic Cart</h2>
2: <ul>
3:   <% for item in @cart.items %>
4:   <li><%=h item.title %></li>
5:   <% end %>
6:   </ul>

    app/views/store/add_to_cart.html.erb:3

Rendered rescues/_trace (39.5ms)
Rendered rescues/_request_and_response (0.3ms)
Rendering rescues/layout (internal_server_error)


Processing StoreController#add_to_cart (for 127.0.0.1 at 2010-07-03 14:23:14) [GET]
Rendering template within layouts/store
Rendering store/add_to_cart

ActionView::TemplateError (undefined method `items' for nil:NilClass) on line #3 of app/views/store/add_to_cart.html.erb:
1: <h2>Your Pragmatic Cart</h2>
2: <ul>
3:   <% for item in @cart.items %>
4:   <li><%=h item.title %></li>
5:   <% end %>
6:   </ul>

    app/views/store/add_to_cart.html.erb:3

Rendered rescues/_trace (110.2ms)
Rendered rescues/_request_and_response (0.3ms)
Rendering rescues/layout (internal_server_error)


Processing StoreController#add_to_cart (for 127.0.0.1 at 2010-07-03 14:24:50) [GET]
Rendering template within layouts/store
Rendering store/add_to_cart

ActionView::TemplateError (undefined method `item' for nil:NilClass) on line #3 of app/views/store/add_to_cart.html.erb:
1: <h2>Your Pragmatic Cart</h2>
2: <ul>
3:   <% for item in @cart.item %>
4:   <li><%=h item.title %></li>
5:   <% end %>
6:   </ul>

    app/views/store/add_to_cart.html.erb:3

Rendered rescues/_trace (39.1ms)
Rendered rescues/_request_and_response (0.3ms)
Rendering rescues/layout (internal_server_error)


Processing StoreController#add_to_cart (for 127.0.0.1 at 2010-07-03 14:25:13) [GET]
  Parameters: {"id"=>"2"}
Rendering template within layouts/store
Rendering store/add_to_cart

ActionView::TemplateError (undefined method `items' for nil:NilClass) on line #3 of app/views/store/add_to_cart.html.erb:
1: <h2>Your Pragmatic Cart</h2>
2: <ul>
3:   <% for item in @cart.items %>
4:   <li><%=h item.title %></li>
5:   <% end %>
6:   </ul>

    app/views/store/add_to_cart.html.erb:3

Rendered rescues/_trace (109.0ms)
Rendered rescues/_request_and_response (0.3ms)
Rendering rescues/layout (internal_server_error)


Processing Rails::InfoController#properties (for 127.0.0.1 at 2010-08-08 22:08:25) [GET]
  [4;36;1mSQL (0.6ms)[0m   [0;1m SELECT name
 FROM sqlite_master
 WHERE type = 'table' AND NOT name = 'sqlite_sequence'
[0m
  [4;35;1mSQL (0.4ms)[0m   [0mSELECT version FROM schema_migrations[0m
Completed in 97ms (View: 21, DB: 1) | 200 OK [http://localhost/rails/info/properties]


Processing StoreController#index (for 127.0.0.1 at 2010-08-08 22:08:32) [GET]
  [4;36;1mProduct Load (1.0ms)[0m   [0;1mSELECT * FROM "products" ORDER BY title[0m
Rendering template within layouts/store
Rendering store/index
ERROR: compiling _run_erb_app47views47store47index46html46erb RAISED compile error
/Users/ravikanthpulipaka/depot/app/views/store/index.html.erb:9: syntax error, unexpected ':', expecting ')'
...at(( button_to 'Add to Cart' :action => 'add_to_cart',:id =>...
                              ^
/Users/ravikanthpulipaka/depot/app/views/store/index.html.erb:9: syntax error, unexpected ',', expecting ')'
...art' :action => 'add_to_cart',:id => product ).to_s); @outpu...
                              ^
Function body:           def _run_erb_app47views47store47index46html46erb(local_assigns)
            old_output_buffer = output_buffer;;@output_buffer = '';  __in_erb_template=true ; @output_buffer.concat "<h1>Your Pragmatic Catalog</h1>\n"
;  @products.each do |product| 
@output_buffer.concat "\t<div class=\"entry\">\n\t\t"
; @output_buffer.concat(( image_tag(product.image_url) ).to_s); @output_buffer.concat "\n\t\t<h3>"
; @output_buffer.concat(( h product.title ).to_s); @output_buffer.concat "</h3>\n\t\t"
; @output_buffer.concat((product.description ).to_s); @output_buffer.concat "\n\t\t<div class=\"price-line\">\n\t\t\t<span class=\"price\">"

; @output_buffer.concat(( number_to_currency(product.price)).to_s); @output_buffer.concat "</span>\n\t\t\t"
; @output_buffer.concat(( button_to 'Add to Cart' :action => 'add_to_cart',:id => product ).to_s); @output_buffer.concat "\n\t\t\t</div>\n\t\t\t</div>\n\t\t\t"


; end; @output_buffer
          ensure
            self.output_buffer = old_output_buffer
          end
Backtrace: /Users/ravikanthpulipaka/depot/app/views/store/index.html.erb:15:in `compile!'
/Library/Ruby/Gems/1.8/gems/actionpack-2.3.5/lib/action_view/renderable.rb:61:in `compile'
/Library/Ruby/Gems/1.8/gems/actionpack-2.3.5/lib/action_view/renderable.rb:28:in `render'
/Library/Ruby/Gems/1.8/gems/actionpack-2.3.5/lib/action_view/template.rb:205:in `render_template'
/Library/Ruby/Gems/1.8/gems/actionpack-2.3.5/lib/action_view/base.rb:265:in `render'
/Library/Ruby/Gems/1.8/gems/actionpack-2.3.5/lib/action_view/base.rb:348:in `_render_with_layout'
/Library/Ruby/Gems/1.8/gems/actionpack-2.3.5/lib/action_view/base.rb:262:in `render'
/Library/Ruby/Gems/1.8/gems/actionpack-2.3.5/lib/action_controller/base.rb:1250:in `render_for_file'
/Library/Ruby/Gems/1.8/gems/actionpack-2.3.5/lib/action_controller/base.rb:945:in `render_without_benchmark'
/Library/Ruby/Gems/1.8/gems/actionpack-2.3.5/lib/action_controller/benchmarking.rb:51:in `render'
/Library/Ruby/Gems/1.8/gems/activesupport-2.3.5/lib/active_support/core_ext/benchmark.rb:17:in `ms'
/System/Library/Frameworks/Ruby.framework/Versions/1.8/usr/lib/ruby/1.8/benchmark.rb:308:in `realtime'
/Library/Ruby/Gems/1.8/gems/activesupport-2.3.5/lib/active_support/core_ext/benchmark.rb:17:in `ms'
/Library/Ruby/Gems/1.8/gems/actionpack-2.3.5/lib/action_controller/benchmarking.rb:51:in `render'
/Library/Ruby/Gems/1.8/gems/actionpack-2.3.5/lib/action_controller/base.rb:1326:in `default_render'
/Library/Ruby/Gems/1.8/gems/actionpack-2.3.5/lib/action_controller/base.rb:1332:in `perform_action_without_filters'
/Library/Ruby/Gems/1.8/gems/actionpack-2.3.5/lib/action_controller/filters.rb:617:in `call_filters'
/Library/Ruby/Gems/1.8/gems/actionpack-2.3.5/lib/action_controller/filters.rb:610:in `perform_action_without_benchmark'
/Library/Ruby/Gems/1.8/gems/actionpack-2.3.5/lib/action_controller/benchmarking.rb:68:in `perform_action_without_rescue'
/Library/Ruby/Gems/1.8/gems/activesupport-2.3.5/lib/active_support/core_ext/benchmark.rb:17:in `ms'
/System/Library/Frameworks/Ruby.framework/Versions/1.8/usr/lib/ruby/1.8/benchmark.rb:308:in `realtime'
/Library/Ruby/Gems/1.8/gems/activesupport-2.3.5/lib/active_support/core_ext/benchmark.rb:17:in `ms'
/Library/Ruby/Gems/1.8/gems/actionpack-2.3.5/lib/action_controller/benchmarking.rb:68:in `perform_action_without_rescue'
/Library/Ruby/Gems/1.8/gems/actionpack-2.3.5/lib/action_controller/rescue.rb:160:in `perform_action_without_flash'
/Library/Ruby/Gems/1.8/gems/actionpack-2.3.5/lib/action_controller/flash.rb:146:in `perform_action'
/Library/Ruby/Gems/1.8/gems/actionpack-2.3.5/lib/action_controller/base.rb:532:in `send'
/Library/Ruby/Gems/1.8/gems/actionpack-2.3.5/lib/action_controller/base.rb:532:in `process_without_filters'
/Library/Ruby/Gems/1.8/gems/actionpack-2.3.5/lib/action_controller/filters.rb:606:in `process'
/Library/Ruby/Gems/1.8/gems/actionpack-2.3.5/lib/action_controller/base.rb:391:in `process'
/Library/Ruby/Gems/1.8/gems/actionpack-2.3.5/lib/action_controller/base.rb:386:in `call'
/Library/Ruby/Gems/1.8/gems/actionpack-2.3.5/lib/action_controller/routing/route_set.rb:437:in `call'
/Library/Ruby/Gems/1.8/gems/actionpack-2.3.5/lib/action_controller/dispatcher.rb:87:in `dispatch'
/Library/Ruby/Gems/1.8/gems/actionpack-2.3.5/lib/action_controller/dispatcher.rb:121:in `_call'
/Library/Ruby/Gems/1.8/gems/actionpack-2.3.5/lib/action_controller/dispatcher.rb:130:in `build_middleware_stack'
/Library/Ruby/Gems/1.8/gems/activerecord-2.3.5/lib/active_record/query_cache.rb:29:in `call'
/Library/Ruby/Gems/1.8/gems/activerecord-2.3.5/lib/active_record/query_cache.rb:29:in `call'
/Library/Ruby/Gems/1.8/gems/activerecord-2.3.5/lib/active_record/connection_adapters/abstract/query_cache.rb:34:in `cache'
/Library/Ruby/Gems/1.8/gems/activerecord-2.3.5/lib/active_record/query_cache.rb:9:in `cache'
/Library/Ruby/Gems/1.8/gems/activerecord-2.3.5/lib/active_record/query_cache.rb:28:in `call'
/Library/Ruby/Gems/1.8/gems/activerecord-2.3.5/lib/active_record/connection_adapters/abstract/connection_pool.rb:361:in `call'
/Library/Ruby/Gems/1.8/gems/actionpack-2.3.5/lib/action_controller/string_coercion.rb:25:in `call'
/Library/Ruby/Gems/1.8/gems/rack-1.0.1/lib/rack/head.rb:9:in `call'
/Library/Ruby/Gems/1.8/gems/rack-1.0.1/lib/rack/methodoverride.rb:24:in `call'
/Library/Ruby/Gems/1.8/gems/actionpack-2.3.5/lib/action_controller/params_parser.rb:15:in `call'
/Library/Ruby/Gems/1.8/gems/actionpack-2.3.5/lib/action_controller/session/cookie_store.rb:93:in `call'
/Library/Ruby/Gems/1.8/gems/actionpack-2.3.5/lib/action_controller/failsafe.rb:26:in `call'
/Library/Ruby/Gems/1.8/gems/rack-1.0.1/lib/rack/lock.rb:11:in `call'
/Library/Ruby/Gems/1.8/gems/rack-1.0.1/lib/rack/lock.rb:11:in `synchronize'
/Library/Ruby/Gems/1.8/gems/rack-1.0.1/lib/rack/lock.rb:11:in `call'
/Library/Ruby/Gems/1.8/gems/actionpack-2.3.5/lib/action_controller/dispatcher.rb:114:in `call'
/Library/Ruby/Gems/1.8/gems/actionpack-2.3.5/lib/action_controller/reloader.rb:34:in `run'
/Library/Ruby/Gems/1.8/gems/actionpack-2.3.5/lib/action_controller/dispatcher.rb:108:in `call'
/Library/Ruby/Gems/1.8/gems/rails-2.3.5/lib/rails/rack/static.rb:31:in `call'
/Library/Ruby/Gems/1.8/gems/rack-1.0.1/lib/rack/urlmap.rb:46:in `call'
/Library/Ruby/Gems/1.8/gems/rack-1.0.1/lib/rack/urlmap.rb:40:in `each'
/Library/Ruby/Gems/1.8/gems/rack-1.0.1/lib/rack/urlmap.rb:40:in `call'
/Library/Ruby/Gems/1.8/gems/rails-2.3.5/lib/rails/rack/log_tailer.rb:17:in `call'
/Library/Ruby/Gems/1.8/gems/rack-1.0.1/lib/rack/content_length.rb:13:in `call'
/Library/Ruby/Gems/1.8/gems/rack-1.0.1/lib/rack/chunked.rb:15:in `call'
/Library/Ruby/Gems/1.8/gems/rack-1.0.1/lib/rack/handler/mongrel.rb:64:in `process'
/System/Library/Frameworks/Ruby.framework/Versions/1.8/usr/lib/ruby/gems/1.8/gems/mongrel-1.1.5/lib/mongrel.rb:159:in `process_client'
/System/Library/Frameworks/Ruby.framework/Versions/1.8/usr/lib/ruby/gems/1.8/gems/mongrel-1.1.5/lib/mongrel.rb:158:in `each'
/System/Library/Frameworks/Ruby.framework/Versions/1.8/usr/lib/ruby/gems/1.8/gems/mongrel-1.1.5/lib/mongrel.rb:158:in `process_client'
/System/Library/Frameworks/Ruby.framework/Versions/1.8/usr/lib/ruby/gems/1.8/gems/mongrel-1.1.5/lib/mongrel.rb:285:in `run'
/System/Library/Frameworks/Ruby.framework/Versions/1.8/usr/lib/ruby/gems/1.8/gems/mongrel-1.1.5/lib/mongrel.rb:285:in `initialize'
/System/Library/Frameworks/Ruby.framework/Versions/1.8/usr/lib/ruby/gems/1.8/gems/mongrel-1.1.5/lib/mongrel.rb:285:in `new'
/System/Library/Frameworks/Ruby.framework/Versions/1.8/usr/lib/ruby/gems/1.8/gems/mongrel-1.1.5/lib/mongrel.rb:285:in `run'
/System/Library/Frameworks/Ruby.framework/Versions/1.8/usr/lib/ruby/gems/1.8/gems/mongrel-1.1.5/lib/mongrel.rb:268:in `initialize'
/System/Library/Frameworks/Ruby.framework/Versions/1.8/usr/lib/ruby/gems/1.8/gems/mongrel-1.1.5/lib/mongrel.rb:268:in `new'
/System/Library/Frameworks/Ruby.framework/Versions/1.8/usr/lib/ruby/gems/1.8/gems/mongrel-1.1.5/lib/mongrel.rb:268:in `run'
/Library/Ruby/Gems/1.8/gems/rack-1.0.1/lib/rack/handler/mongrel.rb:34:in `run'
/Library/Ruby/Gems/1.8/gems/rails-2.3.5/lib/commands/server.rb:111
/Library/Ruby/Site/1.8/rubygems/custom_require.rb:31:in `gem_original_require'
/Library/Ruby/Site/1.8/rubygems/custom_require.rb:31:in `require'
script/server:3

ActionView::TemplateError (compile error
/Users/ravikanthpulipaka/depot/app/views/store/index.html.erb:9: syntax error, unexpected ':', expecting ')'
...at(( button_to 'Add to Cart' :action => 'add_to_cart',:id =>...
                              ^
/Users/ravikanthpulipaka/depot/app/views/store/index.html.erb:9: syntax error, unexpected ',', expecting ')'
...art' :action => 'add_to_cart',:id => product ).to_s); @outpu...
                              ^) on line #9 of app/views/store/index.html.erb:
6: 		<%=product.description %>
7: 		<div class="price-line">
8: 			<span class="price"><%= number_to_currency(product.price)%></span>
9: 			<%= button_to 'Add to Cart' :action => 'add_to_cart',:id => product %>
10: 			</div>
11: 			</div>
12: 			<%end%>

    app/views/store/index.html.erb:15:in `compile!'

Rendered rescues/_trace (39.5ms)
Rendered rescues/_request_and_response (1.2ms)
Rendering rescues/layout (internal_server_error)


Processing ProductsController#index (for 127.0.0.1 at 2010-08-08 22:09:14) [GET]
  [4;35;1mProduct Load (0.6ms)[0m   [0mSELECT * FROM "products" [0m
Rendering template within layouts/products
Rendering products/index
Completed in 127ms (View: 121, DB: 1) | 200 OK [http://localhost/products]
